Copyright 1986-2022 Xilinx, Inc. All Rights Reserved. Copyright 2022-2023 Advanced Micro Devices, Inc. All Rights Reserved.
---------------------------------------------------------------------------------------------------------------------------------------------
| Tool Version : Vivado v.2023.1 (lin64) Build 3865809 Sun May  7 15:04:56 MDT 2023
| Date         : Thu May 23 16:11:14 2024
| Host         : secil7.siame.univ-tlse3.fr running 64-bit Fedora Linux 38 (Thirty Eight)
| Command      : report_control_sets -verbose -file PmodENC_control_sets_placed.rpt
| Design       : PmodENC
| Device       : xc7z020
---------------------------------------------------------------------------------------------------------------------------------------------

Control Set Information

Table of Contents
-----------------
1. Summary
2. Histogram
3. Flip-Flop Distribution
4. Detailed Control Set Information

1. Summary
----------

+----------------------------------------------------------+-------+
|                          Status                          | Count |
+----------------------------------------------------------+-------+
| Total control sets                                       |     6 |
|    Minimum number of control sets                        |     6 |
|    Addition due to synthesis replication                 |     0 |
|    Addition due to physical synthesis replication        |     0 |
| Unused register locations in slices containing registers |    29 |
+----------------------------------------------------------+-------+
* Control sets can be merged at opt_design using control_set_merge or merge_equivalent_drivers
** Run report_qor_suggestions for automated merging and remapping suggestions


2. Histogram
------------

+--------------------+-------+
|       Fanout       | Count |
+--------------------+-------+
| Total control sets |     6 |
| >= 0 to < 4        |     3 |
| >= 4 to < 6        |     2 |
| >= 6 to < 8        |     1 |
| >= 8 to < 10       |     0 |
| >= 10 to < 12      |     0 |
| >= 12 to < 14      |     0 |
| >= 14 to < 16      |     0 |
| >= 16              |     0 |
+--------------------+-------+
* Control sets can be remapped at either synth_design or opt_design


3. Flip-Flop Distribution
-------------------------

+--------------+-----------------------+------------------------+-----------------+--------------+
| Clock Enable | Synchronous Set/Reset | Asynchronous Set/Reset | Total Registers | Total Slices |
+--------------+-----------------------+------------------------+-----------------+--------------+
| No           | No                    | No                     |               2 |            1 |
| No           | No                    | Yes                    |               4 |            2 |
| No           | Yes                   | No                     |               7 |            1 |
| Yes          | No                    | No                     |               2 |            2 |
| Yes          | No                    | Yes                    |               4 |            2 |
| Yes          | Yes                   | No                     |               0 |            0 |
+--------------+-----------------------+------------------------+-----------------+--------------+


4. Detailed Control Set Information
-----------------------------------

+----------------+-------------------+------------------+------------------+----------------+--------------+
|  Clock Signal  |   Enable Signal   | Set/Reset Signal | Slice Load Count | Bel Load Count | Bels / Slice |
+----------------+-------------------+------------------+------------------+----------------+--------------+
|  clk_IBUF_BUFG | C0/Aout_i_1_n_0   |                  |                1 |              1 |         1.00 |
|  clk_IBUF_BUFG | C0/Bout_i_1_n_0   |                  |                1 |              1 |         1.00 |
|  clk_IBUF_BUFG |                   |                  |                1 |              2 |         2.00 |
|  clk_IBUF_BUFG |                   | JE_IBUF[2]       |                2 |              4 |         2.00 |
|  clk_IBUF_BUFG | C1/LED[3]_i_1_n_0 | JE_IBUF[2]       |                2 |              4 |         2.00 |
|  clk_IBUF_BUFG |                   | C0/eqOp          |                1 |              7 |         7.00 |
+----------------+-------------------+------------------+------------------+----------------+--------------+


